<!DOCTYPE html>

<html>
  <head>
  <meta charset='utf-8'>
  <title>TestNG reports</title>

    <link type="text/css" href="testng-reports.css" rel="stylesheet" />  
    <script type="text/javascript" src="jquery-1.7.1.min.js"></script>
    <script type="text/javascript" src="testng-reports.js"></script>
    <script type="text/javascript" src="https://www.google.com/jsapi"></script>
    <script type='text/javascript'>
      google.load('visualization', '1', {packages:['table']});
      google.setOnLoadCallback(drawTable);
      var suiteTableInitFunctions = new Array();
      var suiteTableData = new Array();
    </script>
    <!--
      <script type="text/javascript" src="jquery-ui/js/jquery-ui-1.8.16.custom.min.js"></script>
     -->
  </head>

  <body>
    <div class="top-banner-root">
      <span class="top-banner-title-font">Test results</span>
      <br/>
      <span class="top-banner-font-1">1 suite, 2 failed tests</span>
    </div> <!-- top-banner-root -->
    <div class="navigator-root">
      <div class="navigator-suite-header">
        <span>All suites</span>
        <a href="#" class="collapse-all-link" title="Collapse/expand all the suites">
          <img class="collapse-all-icon" src="collapseall.gif">
          </img> <!-- collapse-all-icon -->
        </a> <!-- collapse-all-link -->
      </div> <!-- navigator-suite-header -->
      <div class="suite">
        <div class="rounded-window">
          <div class="suite-header light-rounded-window-top">
            <a href="#" class="navigator-link" panel-name="suite-Parallel">
              <span class="suite-name border-failed">Parallel</span>
            </a> <!-- navigator-link -->
          </div> <!-- suite-header light-rounded-window-top -->
          <div class="navigator-suite-content">
            <div class="suite-section-title">
              <span>Info</span>
            </div> <!-- suite-section-title -->
            <div class="suite-section-content">
              <ul>
                <li>
                  <a href="#" class="navigator-link " panel-name="test-xml-Parallel">
                    <span>C:\atlas-browserstack\config\parallel.testng.xml</span>
                  </a> <!-- navigator-link  -->
                </li>
                <li>
                  <a href="#" class="navigator-link " panel-name="testlist-Parallel">
                    <span class="test-stats">6 tests</span>
                  </a> <!-- navigator-link  -->
                </li>
                <li>
                  <a href="#" class="navigator-link " panel-name="group-Parallel">
                    <span>0 groups</span>
                  </a> <!-- navigator-link  -->
                </li>
                <li>
                  <a href="#" class="navigator-link " panel-name="times-Parallel">
                    <span>Times</span>
                  </a> <!-- navigator-link  -->
                </li>
                <li>
                  <a href="#" class="navigator-link " panel-name="reporter-Parallel">
                    <span>Reporter output</span>
                  </a> <!-- navigator-link  -->
                </li>
                <li>
                  <a href="#" class="navigator-link " panel-name="ignored-methods-Parallel">
                    <span>Ignored methods</span>
                  </a> <!-- navigator-link  -->
                </li>
                <li>
                  <a href="#" class="navigator-link " panel-name="chronological-Parallel">
                    <span>Chronological view</span>
                  </a> <!-- navigator-link  -->
                </li>
              </ul>
            </div> <!-- suite-section-content -->
            <div class="result-section">
              <div class="suite-section-title">
                <span>Results</span>
              </div> <!-- suite-section-title -->
              <div class="suite-section-content">
                <ul>
                  <li>
                    <span class="method-stats">2 methods, 2 failed,   </span>
                  </li>
                  <li>
                    <span class="method-list-title failed">Failed methods</span>
                    <span class="show-or-hide-methods failed">
                      <a href="#" panel-name="suite-Parallel" class="hide-methods failed suite-Parallel"> (hide)</a> <!-- hide-methods failed suite-Parallel -->
                      <a href="#" panel-name="suite-Parallel" class="show-methods failed suite-Parallel"> (show)</a> <!-- show-methods failed suite-Parallel -->
                    </span>
                    <div class="method-list-content failed suite-Parallel">
                      <span>
                        <img width="3%" src="failed.png"/>
                        <a href="#" class="method navigator-link" panel-name="suite-Parallel" title="com.backroads.atlas.testcases.UI.AtlasLeaderOnlyUSTest005" hash-for-method="main(windows)">main(windows)</a> <!-- method navigator-link -->
                      </span>
                      <br/>
                      <span>
                        <img width="3%" src="failed.png"/>
                        <a href="#" class="method navigator-link" panel-name="suite-Parallel" title="com.backroads.atlas.testcases.UI.AtlasLeaderOnlyUSTest005" hash-for-method="main(ios)">main(ios)</a> <!-- method navigator-link -->
                      </span>
                      <br/>
                    </div> <!-- method-list-content failed suite-Parallel -->
                  </li>
                </ul>
              </div> <!-- suite-section-content -->
            </div> <!-- result-section -->
          </div> <!-- navigator-suite-content -->
        </div> <!-- rounded-window -->
      </div> <!-- suite -->
    </div> <!-- navigator-root -->
    <div class="wrapper">
      <div class="main-panel-root">
        <div panel-name="suite-Parallel" class="panel Parallel">
          <div class="suite-Parallel-class-failed">
            <div class="main-panel-header rounded-window-top">
              <img src="failed.png"/>
              <span class="class-name">com.backroads.atlas.testcases.UI.AtlasLeaderOnlyUSTest005</span>
            </div> <!-- main-panel-header rounded-window-top -->
            <div class="main-panel-content rounded-window-bottom">
              <div class="method">
                <div class="method-content">
                  <a name="main(windows)">
                  </a> <!-- main(windows) -->
                  <span class="method-name">main</span>
                  <span class="parameters">(windows)</span>
                  <div class="stack-trace">org.openqa.selenium.TimeoutException: Timed out after 10 seconds waiting for visibility of Proxy element for: DefaultElementLocator &apos;By.id: txtPartyID&apos;
Build info: version: &apos;2.52.0&apos;, revision: &apos;4c2593cfc3689a7fcd7be52549167e5ccc93ad28&apos;, time: &apos;2016-02-11 11:22:43&apos;
System info: host: &apos;BRPC444&apos;, ip: &apos;10.1.10.28&apos;, os.name: &apos;Windows 7&apos;, os.arch: &apos;amd64&apos;, os.version: &apos;6.1&apos;, java.version: &apos;1.8.0_131&apos;
Driver info: org.openqa.selenium.remote.RemoteWebDriver
Capabilities [{applicationCacheEnabled=false, rotatable=false, mobileEmulationEnabled=false, networkConnectionEnabled=false, chrome={chromedriverVersion=2.30.477700 (0057494ad8732195794a7b32078424f92a5fce41), userDataDir=C:\Windows\proxy\scoped_dir2496_8312}, takesHeapSnapshot=true, pageLoadStrategy=normal, databaseEnabled=false, handlesAlerts=true, hasTouchScreen=false, version=59.0.3071.86, platform=WINDOWS, browserConnectionEnabled=false, nativeEvents=true, acceptSslCerts=true, webdriver.remote.sessionid=d0087041317960785a130c3418d96648f02b141e, locationContextEnabled=true, webStorageEnabled=true, browserName=chrome, takesScreenshot=true, javascriptEnabled=true, cssSelectorsEnabled=true, unexpectedAlertBehaviour=}]
Session ID: d0087041317960785a130c3418d96648f02b141e
	at org.openqa.selenium.support.ui.WebDriverWait.timeoutException(WebDriverWait.java:80)
	at org.openqa.selenium.support.ui.FluentWait.until(FluentWait.java:261)
	at com.backroads.webdriver.pageobjectsfactory.pageobject.LogInPage.setPartyId(LogInPage.java:31)
	at com.backroads.webdriver.pageobjectsfactory.pageobject.LogInPage.loginToAtlas(LogInPage.java:45)
	at com.backroads.atlas.testcases.UI.AtlasLeaderOnlyUSTest005.main(AtlasLeaderOnlyUSTest005.java:34)
	at java.util.concurrent.FutureTask.run(FutureTask.java:266)
	at java.util.concurrent.ThreadPoolExecutor.runWorker(ThreadPoolExecutor.java:1142)
	at java.util.concurrent.ThreadPoolExecutor$Worker.run(ThreadPoolExecutor.java:617)
	at java.lang.Thread.run(Thread.java:748)
Caused by: org.openqa.selenium.NoSuchElementException: no such element: Unable to locate element: {&quot;method&quot;:&quot;id&quot;,&quot;selector&quot;:&quot;txtPartyID&quot;}
  (Session info: chrome=59.0.3071.86)
  (Driver info: chromedriver=2.30.477700 (0057494ad8732195794a7b32078424f92a5fce41),platform=Windows NT 6.1.7601 SP1 x86_64) (WARNING: The server did not provide any stacktrace information)
Command duration or timeout: 10 milliseconds
For documentation on this error, please visit: http://seleniumhq.org/exceptions/no_such_element.html
Build info: version: &apos;2.53.0&apos;, revision: &apos;35ae25b&apos;, time: &apos;2016-03-15 17:00:58&apos;
System info: host: &apos;207-254-57-131&apos;, ip: &apos;207.254.57.131&apos;, os.name: &apos;windows&apos;, os.arch: &apos;x86&apos;, os.version: &apos;6.1&apos;, java.version: &apos;1.8.0_121&apos;
Driver info: org.openqa.selenium.chrome.ChromeDriver
Capabilities [{applicationCacheEnabled=false, rotatable=false, mobileEmulationEnabled=false, networkConnectionEnabled=false, chrome={chromedriverVersion=2.30.477700 (0057494ad8732195794a7b32078424f92a5fce41), userDataDir=C:\Windows\proxy\scoped_dir2496_8312}, takesHeapSnapshot=true, pageLoadStrategy=normal, databaseEnabled=false, handlesAlerts=true, hasTouchScreen=false, version=59.0.3071.86, platform=XP, browserConnectionEnabled=false, nativeEvents=true, acceptSslCerts=true, locationContextEnabled=true, webStorageEnabled=true, browserName=chrome, takesScreenshot=true, javascriptEnabled=true, cssSelectorsEnabled=true, unexpectedAlertBehaviour=}]
Session ID: eeb99aa9a2ac51b6da8b657a23f166f6
*** Element info: {Using=id, value=txtPartyID}
Command duration or timeout: 317 milliseconds
For documentation on this error, please visit: http://seleniumhq.org/exceptions/no_such_element.html
Build info: version: &apos;2.52.0&apos;, revision: &apos;4c2593cfc3689a7fcd7be52549167e5ccc93ad28&apos;, time: &apos;2016-02-11 11:22:43&apos;
System info: host: &apos;BRPC444&apos;, ip: &apos;10.1.10.28&apos;, os.name: &apos;Windows 7&apos;, os.arch: &apos;amd64&apos;, os.version: &apos;6.1&apos;, java.version: &apos;1.8.0_131&apos;
Driver info: org.openqa.selenium.remote.RemoteWebDriver
Capabilities [{applicationCacheEnabled=false, rotatable=false, mobileEmulationEnabled=false, networkConnectionEnabled=false, chrome={chromedriverVersion=2.30.477700 (0057494ad8732195794a7b32078424f92a5fce41), userDataDir=C:\Windows\proxy\scoped_dir2496_8312}, takesHeapSnapshot=true, pageLoadStrategy=normal, databaseEnabled=false, handlesAlerts=true, hasTouchScreen=false, version=59.0.3071.86, platform=WINDOWS, browserConnectionEnabled=false, nativeEvents=true, acceptSslCerts=true, webdriver.remote.sessionid=d0087041317960785a130c3418d96648f02b141e, locationContextEnabled=true, webStorageEnabled=true, browserName=chrome, takesScreenshot=true, javascriptEnabled=true, cssSelectorsEnabled=true, unexpectedAlertBehaviour=}]
Session ID: d0087041317960785a130c3418d96648f02b141e
*** Element info: {Using=id, value=txtPartyID}
	at org.openqa.selenium.remote.ErrorHandler.createThrowable(ErrorHandler.java:206)
	at org.openqa.selenium.remote.ErrorHandler.throwIfResponseFailed(ErrorHandler.java:158)
	at org.openqa.selenium.remote.RemoteWebDriver.execute(RemoteWebDriver.java:678)
	at org.openqa.selenium.remote.RemoteWebDriver.findElement(RemoteWebDriver.java:363)
	at org.openqa.selenium.remote.RemoteWebDriver.findElementById(RemoteWebDriver.java:413)
	at org.openqa.selenium.By$ById.findElement(By.java:218)
	at org.openqa.selenium.remote.RemoteWebDriver.findElement(RemoteWebDriver.java:355)
	at org.openqa.selenium.support.pagefactory.DefaultElementLocator.findElement(DefaultElementLocator.java:69)
	at org.openqa.selenium.support.pagefactory.internal.LocatingElementHandler.invoke(LocatingElementHandler.java:38)
	at com.sun.proxy.$Proxy6.isDisplayed(Unknown Source)
	at org.openqa.selenium.support.ui.ExpectedConditions.elementIfVisible(ExpectedConditions.java:302)
	at org.openqa.selenium.support.ui.ExpectedConditions.access$100(ExpectedConditions.java:41)
	at org.openqa.selenium.support.ui.ExpectedConditions$10.apply(ExpectedConditions.java:288)
	at org.openqa.selenium.support.ui.ExpectedConditions$10.apply(ExpectedConditions.java:285)
	at org.openqa.selenium.support.ui.FluentWait.until(FluentWait.java:238)
	... 23 more
Caused by: org.openqa.selenium.remote.ScreenshotException: Screen shot has been taken
Build info: version: &apos;2.52.0&apos;, revision: &apos;4c2593cfc3689a7fcd7be52549167e5ccc93ad28&apos;, time: &apos;2016-02-11 11:22:43&apos;
System info: host: &apos;BRPC444&apos;, ip: &apos;10.1.10.28&apos;, os.name: &apos;Windows 7&apos;, os.arch: &apos;amd64&apos;, os.version: &apos;6.1&apos;, java.version: &apos;1.8.0_131&apos;
Driver info: driver.version: RemoteWebDriver
	at org.openqa.selenium.remote.ErrorHandler.throwIfResponseFailed(ErrorHandler.java:138)
	... 36 more
Caused by: org.openqa.selenium.NoSuchElementException: no such element: Unable to locate element: {&quot;method&quot;:&quot;id&quot;,&quot;selector&quot;:&quot;txtPartyID&quot;}
  (Session info: chrome=59.0.3071.86)
  (Driver info: chromedriver=2.30.477700 (0057494ad8732195794a7b32078424f92a5fce41),platform=Windows NT 6.1.7601 SP1 x86_64) (WARNING: The server did not provide any stacktrace information)
Command duration or timeout: 10 milliseconds
For documentation on this error, please visit: http://seleniumhq.org/exceptions/no_such_element.html
Build info: version: &apos;2.53.0&apos;, revision: &apos;35ae25b&apos;, time: &apos;2016-03-15 17:00:58&apos;
System info: host: &apos;207-254-57-131&apos;, ip: &apos;207.254.57.131&apos;, os.name: &apos;windows&apos;, os.arch: &apos;x86&apos;, os.version: &apos;6.1&apos;, java.version: &apos;1.8.0_121&apos;
Driver info: org.openqa.selenium.chrome.ChromeDriver
Capabilities [{applicationCacheEnabled=false, rotatable=false, mobileEmulationEnabled=false, networkConnectionEnabled=false, chrome={chromedriverVersion=2.30.477700 (0057494ad8732195794a7b32078424f92a5fce41), userDataDir=C:\Windows\proxy\scoped_dir2496_8312}, takesHeapSnapshot=true, pageLoadStrategy=normal, databaseEnabled=false, handlesAlerts=true, hasTouchScreen=false, version=59.0.3071.86, platform=XP, browserConnectionEnabled=false, nativeEvents=true, acceptSslCerts=true, locationContextEnabled=true, webStorageEnabled=true, browserName=chrome, takesScreenshot=true, javascriptEnabled=true, cssSelectorsEnabled=true, unexpectedAlertBehaviour=}]
Session ID: eeb99aa9a2ac51b6da8b657a23f166f6
*** Element info: {Using=id, value=txtPartyID}
For documentation on this error, please visit: http://seleniumhq.org/exceptions/no_such_element.html
Build info: version: &apos;2.52.0&apos;, revision: &apos;4c2593cfc3689a7fcd7be52549167e5ccc93ad28&apos;, time: &apos;2016-02-11 11:22:43&apos;
System info: host: &apos;BRPC444&apos;, ip: &apos;10.1.10.28&apos;, os.name: &apos;Windows 7&apos;, os.arch: &apos;amd64&apos;, os.version: &apos;6.1&apos;, java.version: &apos;1.8.0_131&apos;
Driver info: driver.version: EventFiringWebDriver
	at org.openqa.selenium.remote.ErrorHandler.createThrowable(ErrorHandler.java:206)
	at org.openqa.selenium.remote.ErrorHandler.throwIfResponseFailed(ErrorHandler.java:158)
	at org.openqa.selenium.remote.RemoteWebDriver.execute(RemoteWebDriver.java:678)
	at org.openqa.selenium.remote.RemoteWebDriver.findElement(RemoteWebDriver.java:363)
	at org.openqa.selenium.remote.RemoteWebDriver.findElementById(RemoteWebDriver.java:413)
	at org.openqa.selenium.By$ById.findElement(By.java:218)
	at org.openqa.selenium.remote.RemoteWebDriver.findElement(RemoteWebDriver.java:355)
	at org.openqa.selenium.support.events.EventFiringWebDriver$2.invoke(EventFiringWebDriver.java:103)
	at com.sun.proxy.$Proxy1.findElement(Unknown Source)
	at org.openqa.selenium.support.events.EventFiringWebDriver.findElement(EventFiringWebDriver.java:188)
	at org.openqa.selenium.remote.server.handler.FindElement.call(FindElement.java:48)
	at org.openqa.selenium.remote.server.handler.FindElement.call(FindElement.java:1)
	at java.util.concurrent.FutureTask.run(Unknown Source)
	at org.openqa.selenium.remote.server.DefaultSession$1.run(DefaultSession.java:176)
	at java.util.concurrent.ThreadPoolExecutor.runWorker(Unknown Source)
	at java.util.concurrent.ThreadPoolExecutor$Worker.run(Unknown Source)
	at java.lang.Thread.run(Unknown Source)
... Removed 28 stack frames
</div> <!-- stack-trace -->
                </div> <!-- method-content -->
              </div> <!-- method -->
              <div class="method">
                <div class="method-content">
                  <a name="main(ios)">
                  </a> <!-- main(ios) -->
                  <span class="method-name">main</span>
                  <span class="parameters">(ios)</span>
                  <div class="stack-trace">org.openqa.selenium.TimeoutException: Timed out after 10 seconds waiting for visibility of Proxy element for: DefaultElementLocator &apos;By.id: txtPartyID&apos;
Build info: version: &apos;2.52.0&apos;, revision: &apos;4c2593cfc3689a7fcd7be52549167e5ccc93ad28&apos;, time: &apos;2016-02-11 11:22:43&apos;
System info: host: &apos;BRPC444&apos;, ip: &apos;10.1.10.28&apos;, os.name: &apos;Windows 7&apos;, os.arch: &apos;amd64&apos;, os.version: &apos;6.1&apos;, java.version: &apos;1.8.0_131&apos;
Driver info: org.openqa.selenium.remote.RemoteWebDriver
Capabilities [{noReset=true, safari=true, browserstack.tunnelIdentifier=, browserstack.asyncStop=true, language=Apache-HttpClient/4.5.1 (Java/1.8.0_131), deviceName==iPhone 6 (8.3 Simulator) [4A5F3893-FADE-437D-A2F3-D0B5CCDFFE32], platform=MAC, browserstack.video.disableWaterMark=true, desired={noReset=true, browserstack.tunnelIdentifier=, browserstack.asyncStop=true, language=Apache-HttpClient/4.5.1 (Java/1.8.0_131), deviceName==iPhone 6 (8.3 Simulator) [4A5F3893-FADE-437D-A2F3-D0B5CCDFFE32], platform=MAC, browserstack.video.disableWaterMark=true, acceptSslCerts=false, newCommandTimeout=300, browser=iphone, platformVersion=8.3, acceptSslCert=false, browserName=safari, platformName=iOS, 64bit=false, browserstack.debug=true, orientation=portrait, browserstack.ie.noFlash=false, os_version=, mobile={&quot;browser&quot;:&quot;mobile&quot;,&quot;version&quot;:&quot;iPhone 6-8.3&quot;}, version=, browserstack.video=true, safariIgnoreFraudWarning=true, orig_os=macyos, realMobile=false, deviceOrientation=PORTRAIT, device=iPhone 6, proxy_type=node}, acceptSslCerts=false, newCommandTimeout=300, browser=iphone, platformVersion=8.3, webStorageEnabled=false, acceptSslCert=false, browserName=safari, takesScreenshot=true, javascriptEnabled=true, platformName=iOS, 64bit=false, browserstack.debug=true, networkConnectionEnabled=false, orientation=portrait, browserstack.ie.noFlash=false, warnings={}, os_version=, mobile={&quot;browser&quot;:&quot;mobile&quot;,&quot;version&quot;:&quot;iPhone 6-8.3&quot;}, databaseEnabled=false, version=, browserstack.video=true, safariIgnoreFraudWarning=true, orig_os=macyos, realMobile=false, locationContextEnabled=false, deviceOrientation=PORTRAIT, device=iPhone 6, proxy_type=node}]
Session ID: e5139a80fc983269f7ed724d07d499db7eac054c
	at org.openqa.selenium.support.ui.WebDriverWait.timeoutException(WebDriverWait.java:80)
	at org.openqa.selenium.support.ui.FluentWait.until(FluentWait.java:261)
	at com.backroads.webdriver.pageobjectsfactory.pageobject.LogInPage.setPartyId(LogInPage.java:31)
	at com.backroads.webdriver.pageobjectsfactory.pageobject.LogInPage.loginToAtlas(LogInPage.java:45)
	at com.backroads.atlas.testcases.UI.AtlasLeaderOnlyUSTest005.main(AtlasLeaderOnlyUSTest005.java:34)
	at java.util.concurrent.FutureTask.run(FutureTask.java:266)
	at java.util.concurrent.ThreadPoolExecutor.runWorker(ThreadPoolExecutor.java:1142)
	at java.util.concurrent.ThreadPoolExecutor$Worker.run(ThreadPoolExecutor.java:617)
	at java.lang.Thread.run(Thread.java:748)
Caused by: org.openqa.selenium.NoSuchElementException: An element could not be located on the page using the given search parameters. (WARNING: The server did not provide any stacktrace information)
Command duration or timeout: 61 milliseconds
For documentation on this error, please visit: http://seleniumhq.org/exceptions/no_such_element.html
Build info: version: &apos;2.52.0&apos;, revision: &apos;4c2593cfc3689a7fcd7be52549167e5ccc93ad28&apos;, time: &apos;2016-02-11 11:22:43&apos;
System info: host: &apos;BRPC444&apos;, ip: &apos;10.1.10.28&apos;, os.name: &apos;Windows 7&apos;, os.arch: &apos;amd64&apos;, os.version: &apos;6.1&apos;, java.version: &apos;1.8.0_131&apos;
Driver info: org.openqa.selenium.remote.RemoteWebDriver
Capabilities [{noReset=true, safari=true, browserstack.tunnelIdentifier=, browserstack.asyncStop=true, language=Apache-HttpClient/4.5.1 (Java/1.8.0_131), deviceName==iPhone 6 (8.3 Simulator) [4A5F3893-FADE-437D-A2F3-D0B5CCDFFE32], platform=MAC, browserstack.video.disableWaterMark=true, desired={noReset=true, browserstack.tunnelIdentifier=, browserstack.asyncStop=true, language=Apache-HttpClient/4.5.1 (Java/1.8.0_131), deviceName==iPhone 6 (8.3 Simulator) [4A5F3893-FADE-437D-A2F3-D0B5CCDFFE32], platform=MAC, browserstack.video.disableWaterMark=true, acceptSslCerts=false, newCommandTimeout=300, browser=iphone, platformVersion=8.3, acceptSslCert=false, browserName=safari, platformName=iOS, 64bit=false, browserstack.debug=true, orientation=portrait, browserstack.ie.noFlash=false, os_version=, mobile={&quot;browser&quot;:&quot;mobile&quot;,&quot;version&quot;:&quot;iPhone 6-8.3&quot;}, version=, browserstack.video=true, safariIgnoreFraudWarning=true, orig_os=macyos, realMobile=false, deviceOrientation=PORTRAIT, device=iPhone 6, proxy_type=node}, acceptSslCerts=false, newCommandTimeout=300, browser=iphone, platformVersion=8.3, webStorageEnabled=false, acceptSslCert=false, browserName=safari, takesScreenshot=true, javascriptEnabled=true, platformName=iOS, 64bit=false, browserstack.debug=true, networkConnectionEnabled=false, orientation=portrait, browserstack.ie.noFlash=false, warnings={}, os_version=, mobile={&quot;browser&quot;:&quot;mobile&quot;,&quot;version&quot;:&quot;iPhone 6-8.3&quot;}, databaseEnabled=false, version=, browserstack.video=true, safariIgnoreFraudWarning=true, orig_os=macyos, realMobile=false, locationContextEnabled=false, deviceOrientation=PORTRAIT, device=iPhone 6, proxy_type=node}]
Session ID: e5139a80fc983269f7ed724d07d499db7eac054c
*** Element info: {Using=id, value=txtPartyID}
	at org.openqa.selenium.remote.ErrorHandler.createThrowable(ErrorHandler.java:206)
	at org.openqa.selenium.remote.ErrorHandler.throwIfResponseFailed(ErrorHandler.java:158)
	at org.openqa.selenium.remote.RemoteWebDriver.execute(RemoteWebDriver.java:678)
	at org.openqa.selenium.remote.RemoteWebDriver.findElement(RemoteWebDriver.java:363)
	at org.openqa.selenium.remote.RemoteWebDriver.findElementById(RemoteWebDriver.java:413)
	at org.openqa.selenium.By$ById.findElement(By.java:218)
	at org.openqa.selenium.remote.RemoteWebDriver.findElement(RemoteWebDriver.java:355)
	at org.openqa.selenium.support.pagefactory.DefaultElementLocator.findElement(DefaultElementLocator.java:69)
	at org.openqa.selenium.support.pagefactory.internal.LocatingElementHandler.invoke(LocatingElementHandler.java:38)
	at com.sun.proxy.$Proxy6.isDisplayed(Unknown Source)
	at org.openqa.selenium.support.ui.ExpectedConditions.elementIfVisible(ExpectedConditions.java:302)
	at org.openqa.selenium.support.ui.ExpectedConditions.access$100(ExpectedConditions.java:41)
	at org.openqa.selenium.support.ui.ExpectedConditions$10.apply(ExpectedConditions.java:288)
	at org.openqa.selenium.support.ui.ExpectedConditions$10.apply(ExpectedConditions.java:285)
	at org.openqa.selenium.support.ui.FluentWait.until(FluentWait.java:238)
	... 23 more
... Removed 19 stack frames
</div> <!-- stack-trace -->
                </div> <!-- method-content -->
              </div> <!-- method -->
            </div> <!-- main-panel-content rounded-window-bottom -->
          </div> <!-- suite-Parallel-class-failed -->
        </div> <!-- panel Parallel -->
        <div panel-name="test-xml-Parallel" class="panel">
          <div class="main-panel-header rounded-window-top">
            <span class="header-content">C:\atlas-browserstack\config\parallel.testng.xml</span>
          </div> <!-- main-panel-header rounded-window-top -->
          <div class="main-panel-content rounded-window-bottom">
            <pre>
&lt;?xml version=&quot;1.0&quot; encoding=&quot;UTF-8&quot;?&gt;
&lt;!DOCTYPE suite SYSTEM &quot;http://testng.org/testng-1.0.dtd&quot;&gt;
&lt;suite thread-count=&quot;7&quot; guice-stage=&quot;DEVELOPMENT&quot; verbose=&quot;0&quot; name=&quot;Parallel&quot; parallel=&quot;tests&quot;&gt;
  &lt;test name=&quot;atlas_ChromeTest&quot;&gt;
    &lt;parameter name=&quot;environment&quot; value=&quot;Chrome&quot;/&gt;
    &lt;parameter name=&quot;os&quot; value=&quot;windows&quot;/&gt;
    &lt;parameter name=&quot;config&quot; value=&quot;parallel.conf.json&quot;/&gt;
    &lt;classes&gt;
      &lt;class name=&quot;com.backroads.atlas.testcases.UI.AtlasLeaderOnlyUSTest005&quot;/&gt;
    &lt;/classes&gt;
  &lt;/test&gt; &lt;!-- atlas_ChromeTest --&gt;
  &lt;test name=&quot;atlas_iPhone6Test&quot;&gt;
    &lt;parameter name=&quot;environment&quot; value=&quot;iPhone6&quot;/&gt;
    &lt;parameter name=&quot;os&quot; value=&quot;ios&quot;/&gt;
    &lt;parameter name=&quot;config&quot; value=&quot;parallel.conf.json&quot;/&gt;
    &lt;classes&gt;
      &lt;class name=&quot;com.backroads.atlas.testcases.UI.AtlasLeaderOnlyUSTest005&quot;/&gt;
    &lt;/classes&gt;
  &lt;/test&gt; &lt;!-- atlas_iPhone6Test --&gt;
  &lt;test name=&quot;atlas_iPhone6sTest&quot;&gt;
    &lt;parameter name=&quot;environment&quot; value=&quot;iPhone6s&quot;/&gt;
    &lt;parameter name=&quot;os&quot; value=&quot;ios&quot;/&gt;
    &lt;parameter name=&quot;config&quot; value=&quot;parallel.conf.json&quot;/&gt;
  &lt;/test&gt; &lt;!-- atlas_iPhone6sTest --&gt;
  &lt;test name=&quot;atlas_iPadAir2Test&quot;&gt;
    &lt;parameter name=&quot;environment&quot; value=&quot;iPadAir2&quot;/&gt;
    &lt;parameter name=&quot;os&quot; value=&quot;ios&quot;/&gt;
    &lt;parameter name=&quot;config&quot; value=&quot;parallel.conf.json&quot;/&gt;
  &lt;/test&gt; &lt;!-- atlas_iPadAir2Test --&gt;
  &lt;test name=&quot;atlas_ChromeTest(failed)&quot; parallel=&quot;tests&quot;&gt;
    &lt;parameter name=&quot;environment&quot; value=&quot;Chrome&quot;/&gt;
    &lt;parameter name=&quot;os&quot; value=&quot;windows&quot;/&gt;
    &lt;parameter name=&quot;config&quot; value=&quot;parallel.conf.json&quot;/&gt;
    &lt;classes&gt;
      &lt;class name=&quot;com.backroads.atlas.testcases.UI.AtlasLeaderOnlyUSTest005&quot;&gt;
        &lt;methods&gt;
          &lt;include name=&quot;main&quot; invocation-numbers=&quot;0&quot;/&gt;
          &lt;include name=&quot;tearDown&quot;/&gt;
          &lt;include name=&quot;tearDown&quot;/&gt;
          &lt;include name=&quot;setUp&quot;/&gt;
          &lt;include name=&quot;setUp&quot;/&gt;
        &lt;/methods&gt;
      &lt;/class&gt; &lt;!-- com.backroads.atlas.testcases.UI.AtlasLeaderOnlyUSTest005 --&gt;
    &lt;/classes&gt;
  &lt;/test&gt; &lt;!-- atlas_ChromeTest(failed) --&gt;
  &lt;test name=&quot;atlas_iPhone6Test(failed)&quot; parallel=&quot;tests&quot;&gt;
    &lt;parameter name=&quot;environment&quot; value=&quot;iPhone6&quot;/&gt;
    &lt;parameter name=&quot;os&quot; value=&quot;ios&quot;/&gt;
    &lt;parameter name=&quot;config&quot; value=&quot;parallel.conf.json&quot;/&gt;
    &lt;classes&gt;
      &lt;class name=&quot;com.backroads.atlas.testcases.UI.AtlasLeaderOnlyUSTest005&quot;&gt;
        &lt;methods&gt;
          &lt;include name=&quot;main&quot; invocation-numbers=&quot;0&quot;/&gt;
          &lt;include name=&quot;tearDown&quot;/&gt;
          &lt;include name=&quot;tearDown&quot;/&gt;
          &lt;include name=&quot;setUp&quot;/&gt;
          &lt;include name=&quot;setUp&quot;/&gt;
        &lt;/methods&gt;
      &lt;/class&gt; &lt;!-- com.backroads.atlas.testcases.UI.AtlasLeaderOnlyUSTest005 --&gt;
    &lt;/classes&gt;
  &lt;/test&gt; &lt;!-- atlas_iPhone6Test(failed) --&gt;
&lt;/suite&gt; &lt;!-- Parallel --&gt;
            </pre>
          </div> <!-- main-panel-content rounded-window-bottom -->
        </div> <!-- panel -->
        <div panel-name="testlist-Parallel" class="panel">
          <div class="main-panel-header rounded-window-top">
            <span class="header-content">Tests for Parallel</span>
          </div> <!-- main-panel-header rounded-window-top -->
          <div class="main-panel-content rounded-window-bottom">
            <ul>
              <li>
                <span class="test-name">atlas_ChromeTest (1 class)</span>
              </li>
              <li>
                <span class="test-name">atlas_iPhone6Test (1 class)</span>
              </li>
              <li>
                <span class="test-name">atlas_iPhone6sTest (0 classes)</span>
              </li>
              <li>
                <span class="test-name">atlas_iPadAir2Test (0 classes)</span>
              </li>
              <li>
                <span class="test-name">atlas_ChromeTest(failed) (1 class)</span>
              </li>
              <li>
                <span class="test-name">atlas_iPhone6Test(failed) (1 class)</span>
              </li>
            </ul>
          </div> <!-- main-panel-content rounded-window-bottom -->
        </div> <!-- panel -->
        <div panel-name="group-Parallel" class="panel">
          <div class="main-panel-header rounded-window-top">
            <span class="header-content">Groups for Parallel</span>
          </div> <!-- main-panel-header rounded-window-top -->
          <div class="main-panel-content rounded-window-bottom">
          </div> <!-- main-panel-content rounded-window-bottom -->
        </div> <!-- panel -->
        <div panel-name="times-Parallel" class="panel">
          <div class="main-panel-header rounded-window-top">
            <span class="header-content">Times for Parallel</span>
          </div> <!-- main-panel-header rounded-window-top -->
          <div class="main-panel-content rounded-window-bottom">
            <div class="times-div">
              <script type="text/javascript">
suiteTableInitFunctions.push('tableData_Parallel');
function tableData_Parallel() {
var data = new google.visualization.DataTable();
data.addColumn('number', 'Number');
data.addColumn('string', 'Method');
data.addColumn('string', 'Class');
data.addColumn('number', 'Time (ms)');
data.addRows(2);
data.setCell(0, 0, 0)
data.setCell(0, 1, 'main')
data.setCell(0, 2, 'com.backroads.atlas.testcases.UI.AtlasLeaderOnlyUSTest005')
data.setCell(0, 3, 11194);
data.setCell(1, 0, 1)
data.setCell(1, 1, 'main')
data.setCell(1, 2, 'com.backroads.atlas.testcases.UI.AtlasLeaderOnlyUSTest005')
data.setCell(1, 3, 11184);
window.suiteTableData['Parallel']= { tableData: data, tableDiv: 'times-div-Parallel'}
return data;
}
              </script>
              <span class="suite-total-time">Total running time: 22 seconds</span>
              <div id="times-div-Parallel">
              </div> <!-- times-div-Parallel -->
            </div> <!-- times-div -->
          </div> <!-- main-panel-content rounded-window-bottom -->
        </div> <!-- panel -->
        <div panel-name="reporter-Parallel" class="panel">
          <div class="main-panel-header rounded-window-top">
            <span class="header-content">Reporter output for Parallel</span>
          </div> <!-- main-panel-header rounded-window-top -->
          <div class="main-panel-content rounded-window-bottom">
          </div> <!-- main-panel-content rounded-window-bottom -->
        </div> <!-- panel -->
        <div panel-name="ignored-methods-Parallel" class="panel">
          <div class="main-panel-header rounded-window-top">
            <span class="header-content">0 ignored methods</span>
          </div> <!-- main-panel-header rounded-window-top -->
          <div class="main-panel-content rounded-window-bottom">
          </div> <!-- main-panel-content rounded-window-bottom -->
        </div> <!-- panel -->
        <div panel-name="chronological-Parallel" class="panel">
          <div class="main-panel-header rounded-window-top">
            <span class="header-content">Methods in chronological order</span>
          </div> <!-- main-panel-header rounded-window-top -->
          <div class="main-panel-content rounded-window-bottom">
            <div class="chronological-class">
              <div class="chronological-class-name">com.backroads.atlas.testcases.UI.AtlasLeaderOnlyUSTest005</div> <!-- chronological-class-name -->
              <div class="configuration-method before">
                <span class="method-name">setUp(parallel.conf.json, Chrome)</span>
                <span class="method-start">0 ms</span>
              </div> <!-- configuration-method before -->
              <div class="configuration-method before">
                <span class="method-name">setUp(parallel.conf.json, iPhone6)</span>
                <span class="method-start">0 ms</span>
              </div> <!-- configuration-method before -->
              <div class="test-method">
                <img src="failed.png">
                </img>
                <span class="method-name">main(windows)</span>
                <span class="method-start">4957 ms</span>
              </div> <!-- test-method -->
              <div class="configuration-method after">
                <span class="method-name">tearDown</span>
                <span class="method-start">16192 ms</span>
              </div> <!-- configuration-method after -->
              <div class="test-method">
                <img src="failed.png">
                </img>
                <span class="method-name">main(ios)</span>
                <span class="method-start">38000 ms</span>
              </div> <!-- test-method -->
              <div class="configuration-method after">
                <span class="method-name">tearDown</span>
                <span class="method-start">49189 ms</span>
              </div> <!-- configuration-method after -->
          </div> <!-- main-panel-content rounded-window-bottom -->
        </div> <!-- panel -->
      </div> <!-- main-panel-root -->
    </div> <!-- wrapper -->
  </body>
</html>
