<?xml version="1.0" encoding="UTF-8"?>
<testng-results skipped="0" failed="1" ignored="0" total="1" passed="0">
  <reporter-output>
  </reporter-output>
  <suite name="Single" duration-ms="88855" started-at="2017-07-17T18:47:37Z" finished-at="2017-07-17T18:49:05Z">
    <groups>
    </groups>
    <test name="SingleTest" duration-ms="88855" started-at="2017-07-17T18:47:37Z" finished-at="2017-07-17T18:49:05Z">
      <class name="com.backroads.atlas.testcases.UI.AtlasLeaderOnlyUSTest005">
        <test-method status="PASS" signature="setUp(java.lang.String, java.lang.String)[pri:0, instance:com.backroads.atlas.testcases.UI.AtlasLeaderOnlyUSTest005@5700d6b1]" name="setUp" is-config="true" duration-ms="41544" started-at="2017-07-17T11:47:37Z" finished-at="2017-07-17T11:48:18Z">
          <params>
            <param index="0">
              <value>
                <![CDATA[single.conf.json]]>
              </value>
            </param>
            <param index="1">
              <value>
                <![CDATA[bs]]>
              </value>
            </param>
          </params>
          <reporter-output>
          </reporter-output>
        </test-method> <!-- setUp -->
        <test-method status="FAIL" signature="main()[pri:0, instance:com.backroads.atlas.testcases.UI.AtlasLeaderOnlyUSTest005@5700d6b1]" name="main" duration-ms="34749" started-at="2017-07-17T11:48:18Z" finished-at="2017-07-17T11:48:53Z">
          <exception class="org.openqa.selenium.WebDriverException">
            <message>
              <![CDATA[Underlying driver does not implement advanced user interactions yet.
Command duration or timeout: 187 milliseconds
Build info: version: '3.0.1', revision: '1969d75', time: '2016-10-18 09:49:13 -0700'
System info: host: 'BRPC444', ip: '10.1.10.28', os.name: 'Windows 7', os.arch: 'amd64', os.version: '6.1', java.version: '1.8.0_131'
Driver info: org.openqa.selenium.remote.RemoteWebDriver
Capabilities [{browserstack.tunnelIdentifier=, loggingPrefs={browser=SEVERE}, browserstack.asyncStop=true, language=Apache-HttpClient/4.5.1 (Java/1.8.0_131), platform=ANDROID, browserstack.video.disableWaterMark=true, acceptSslCerts=true, browser=android, acceptSslCert=false, webStorageEnabled=true, browserName=android, takesScreenshot=true, javascriptEnabled=true, 64bit=false, browserstack.debug=true, applicationCacheEnabled=true, rotatable=true, os=android, browserstack.ie.noFlash=false, os_version=, mobile={browser=tablet, version=Google Nexus 7-4.1-1280x800}, handlesAlerts=true, version=16, browserConnectionEnabled=true, browserstack.video=true, webdriver.remote.sessionid=81b7cf941118115ceafea7b441279638245fbb44, orig_os=macmav, locationContextEnabled=true, device=Google Nexus 7, proxy_type=node}]
Session ID: 81b7cf941118115ceafea7b441279638245fbb44]]>
            </message>
            <full-stacktrace>
              <![CDATA[org.openqa.selenium.WebDriverException: Underlying driver does not implement advanced user interactions yet.
Command duration or timeout: 187 milliseconds
Build info: version: '3.0.1', revision: '1969d75', time: '2016-10-18 09:49:13 -0700'
System info: host: 'BRPC444', ip: '10.1.10.28', os.name: 'Windows 7', os.arch: 'amd64', os.version: '6.1', java.version: '1.8.0_131'
Driver info: org.openqa.selenium.remote.RemoteWebDriver
Capabilities [{browserstack.tunnelIdentifier=, loggingPrefs={browser=SEVERE}, browserstack.asyncStop=true, language=Apache-HttpClient/4.5.1 (Java/1.8.0_131), platform=ANDROID, browserstack.video.disableWaterMark=true, acceptSslCerts=true, browser=android, acceptSslCert=false, webStorageEnabled=true, browserName=android, takesScreenshot=true, javascriptEnabled=true, 64bit=false, browserstack.debug=true, applicationCacheEnabled=true, rotatable=true, os=android, browserstack.ie.noFlash=false, os_version=, mobile={browser=tablet, version=Google Nexus 7-4.1-1280x800}, handlesAlerts=true, version=16, browserConnectionEnabled=true, browserstack.video=true, webdriver.remote.sessionid=81b7cf941118115ceafea7b441279638245fbb44, orig_os=macmav, locationContextEnabled=true, device=Google Nexus 7, proxy_type=node}]
Session ID: 81b7cf941118115ceafea7b441279638245fbb44
	at sun.reflect.NativeConstructorAccessorImpl.newInstance0(Native Method)
	at sun.reflect.NativeConstructorAccessorImpl.newInstance(NativeConstructorAccessorImpl.java:62)
	at sun.reflect.DelegatingConstructorAccessorImpl.newInstance(DelegatingConstructorAccessorImpl.java:45)
	at java.lang.reflect.Constructor.newInstance(Constructor.java:423)
	at org.openqa.selenium.remote.ErrorHandler.createThrowable(ErrorHandler.java:216)
	at org.openqa.selenium.remote.ErrorHandler.throwIfResponseFailed(ErrorHandler.java:168)
	at org.openqa.selenium.remote.RemoteWebDriver.execute(RemoteWebDriver.java:635)
	at org.openqa.selenium.remote.RemoteExecuteMethod.execute(RemoteExecuteMethod.java:35)
	at org.openqa.selenium.remote.RemoteMouse.mouseMove(RemoteMouse.java:89)
	at org.openqa.selenium.interactions.MoveMouseAction.perform(MoveMouseAction.java:39)
	at org.openqa.selenium.interactions.CompositeAction.perform(CompositeAction.java:50)
	at com.backroads.webdriver.pageobjectsfactory.pageobject.BasePageObject.goToPayroll(BasePageObject.java:57)
	at com.backroads.atlas.testcases.UI.AtlasLeaderOnlyUSTest005.main(AtlasLeaderOnlyUSTest005.java:32)
	at sun.reflect.NativeMethodAccessorImpl.invoke0(Native Method)
	at sun.reflect.NativeMethodAccessorImpl.invoke(NativeMethodAccessorImpl.java:62)
	at sun.reflect.DelegatingMethodAccessorImpl.invoke(DelegatingMethodAccessorImpl.java:43)
	at java.lang.reflect.Method.invoke(Method.java:498)
	at org.testng.internal.MethodInvocationHelper.invokeMethod(MethodInvocationHelper.java:104)
	at org.testng.internal.Invoker.invokeMethod(Invoker.java:645)
	at org.testng.internal.Invoker.invokeTestMethod(Invoker.java:851)
	at org.testng.internal.Invoker.invokeTestMethods(Invoker.java:1177)
	at org.testng.internal.TestMethodWorker.invokeTestMethods(TestMethodWorker.java:129)
	at org.testng.internal.TestMethodWorker.run(TestMethodWorker.java:112)
	at org.testng.TestRunner.privateRun(TestRunner.java:756)
	at org.testng.TestRunner.run(TestRunner.java:610)
	at org.testng.SuiteRunner.runTest(SuiteRunner.java:387)
	at org.testng.SuiteRunner.runSequentially(SuiteRunner.java:382)
	at org.testng.SuiteRunner.privateRun(SuiteRunner.java:340)
	at org.testng.SuiteRunner.run(SuiteRunner.java:289)
	at org.testng.SuiteRunnerWorker.runSuite(SuiteRunnerWorker.java:52)
	at org.testng.SuiteRunnerWorker.run(SuiteRunnerWorker.java:86)
	at org.testng.TestNG.runSuitesSequentially(TestNG.java:1293)
	at org.testng.TestNG.runSuitesLocally(TestNG.java:1218)
	at org.testng.TestNG.runSuites(TestNG.java:1133)
	at org.testng.TestNG.run(TestNG.java:1104)
	at org.testng.remote.AbstractRemoteTestNG.run(AbstractRemoteTestNG.java:132)
	at org.testng.remote.RemoteTestNG.initAndRun(RemoteTestNG.java:236)
	at org.testng.remote.RemoteTestNG.main(RemoteTestNG.java:81)
Caused by: java.lang.UnsupportedOperationException: Underlying driver does not implement advanced user interactions yet.
	at org.openqa.selenium.support.events.EventFiringWebDriver.getMouse(EventFiringWebDriver.java:298)
	at org.openqa.selenium.remote.server.handler.interactions.MouseMoveToLocation.call(MouseMoveToLocation.java:46)
	at org.openqa.selenium.remote.server.handler.interactions.MouseMoveToLocation.call(MouseMoveToLocation.java:1)
	at java.util.concurrent.FutureTask$Sync.innerRun(FutureTask.java:305)
	at java.util.concurrent.FutureTask.run(FutureTask.java:137)
	at org.openqa.selenium.remote.server.DefaultSession$1.run(DefaultSession.java:169)
	at java.util.concurrent.ThreadPoolExecutor.runWorker(ThreadPoolExecutor.java:1076)
	at java.util.concurrent.ThreadPoolExecutor$Worker.run(ThreadPoolExecutor.java:569)
	at java.lang.Thread.run(Thread.java:856)
]]>
            </full-stacktrace>
          </exception> <!-- org.openqa.selenium.WebDriverException -->
          <reporter-output>
          </reporter-output>
        </test-method> <!-- main -->
        <test-method status="PASS" signature="tearDown()[pri:0, instance:com.backroads.atlas.testcases.UI.AtlasLeaderOnlyUSTest005@5700d6b1]" name="tearDown" is-config="true" duration-ms="12531" started-at="2017-07-17T11:48:53Z" finished-at="2017-07-17T11:49:05Z">
          <reporter-output>
          </reporter-output>
        </test-method> <!-- tearDown -->
      </class> <!-- com.backroads.atlas.testcases.UI.AtlasLeaderOnlyUSTest005 -->
    </test> <!-- SingleTest -->
  </suite> <!-- Single -->
</testng-results>
