<?xml version="1.0" encoding="UTF-8"?>
<!-- Generated by org.testng.reporters.JUnitXMLReporter -->
<testsuite hostname="BRPC444" name="atlas_iPhone6Test" tests="11" failures="6" timestamp="20 Jul 2017 00:43:01 GMT" time="2491.34" errors="0">
  <testcase name="@AfterMethod tearDown" time="0.0" classname="com.backroads.atlas.testcases.UI.AtlasLeaderOnlyUSTest011_Dinner">
    <failure type="org.openqa.selenium.WebDriverException" message="Session not started or terminated (WARNING: The server did not provide any stacktrace information)
Command duration or timeout: 25 milliseconds
Build info: version: &amp;apos;3.0.1&amp;apos;, revision: &amp;apos;1969d75&amp;apos;, time: &amp;apos;2016-10-18 09:49:13 -0700&amp;apos;
System info: host: &amp;apos;BRPC444&amp;apos;, ip: &amp;apos;10.1.10.28&amp;apos;, os.name: &amp;apos;Windows 7&amp;apos;, os.arch: &amp;apos;amd64&amp;apos;, os.version: &amp;apos;6.1&amp;apos;, java.version: &amp;apos;1.8.0_111&amp;apos;
Driver info: org.openqa.selenium.remote.RemoteWebDriver
Capabilities [{message=All parallel tests are currently in use, including the queued tests. Please wait to finish or upgrade your plan to add more sessions., platform=ANY}]
Session ID: ">
      <![CDATA[org.openqa.selenium.WebDriverException: Session not started or terminated (WARNING: The server did not provide any stacktrace information)
Command duration or timeout: 25 milliseconds
Build info: version: '3.0.1', revision: '1969d75', time: '2016-10-18 09:49:13 -0700'
System info: host: 'BRPC444', ip: '10.1.10.28', os.name: 'Windows 7', os.arch: 'amd64', os.version: '6.1', java.version: '1.8.0_111'
Driver info: org.openqa.selenium.remote.RemoteWebDriver
Capabilities [{message=All parallel tests are currently in use, including the queued tests. Please wait to finish or upgrade your plan to add more sessions., platform=ANY}]
Session ID: 
	at org.openqa.selenium.remote.ErrorHandler.createThrowable(ErrorHandler.java:216)
	at org.openqa.selenium.remote.ErrorHandler.throwIfResponseFailed(ErrorHandler.java:168)
	at org.openqa.selenium.remote.RemoteWebDriver.execute(RemoteWebDriver.java:635)
	at org.openqa.selenium.remote.RemoteWebDriver.execute(RemoteWebDriver.java:658)
	at org.openqa.selenium.remote.RemoteWebDriver.quit(RemoteWebDriver.java:497)
	at com.backroads.atlas_browserstack.BrowserStackTestNGTest.tearDown(BrowserStackTestNGTest.java:85)
	at java.util.concurrent.FutureTask.run(FutureTask.java:266)
	at java.util.concurrent.ThreadPoolExecutor.runWorker(ThreadPoolExecutor.java:1142)
	at java.util.concurrent.ThreadPoolExecutor$Worker.run(ThreadPoolExecutor.java:617)
	at java.lang.Thread.run(Thread.java:745)
... Removed 20 stack frames]]>
    </failure>
  </testcase> <!-- @AfterMethod tearDown -->
  <testcase name="main" time="3.818" classname="com.backroads.atlas.testcases.UI.AtlasLeaderOnlyUSTest005">
    <failure type="org.openqa.selenium.NoSuchElementException" message="An element could not be located on the page using the given search parameters. (WARNING: The server did not provide any stacktrace information)
Command duration or timeout: 49 milliseconds
For documentation on this error, please visit: http://seleniumhq.org/exceptions/no_such_element.html
Build info: version: &amp;apos;3.0.1&amp;apos;, revision: &amp;apos;1969d75&amp;apos;, time: &amp;apos;2016-10-18 09:49:13 -0700&amp;apos;
System info: host: &amp;apos;BRPC444&amp;apos;, ip: &amp;apos;10.1.10.28&amp;apos;, os.name: &amp;apos;Windows 7&amp;apos;, os.arch: &amp;apos;amd64&amp;apos;, os.version: &amp;apos;6.1&amp;apos;, java.version: &amp;apos;1.8.0_111&amp;apos;
Driver info: org.openqa.selenium.remote.RemoteWebDriver
Capabilities [{noReset=true, safari=true, browserstack.tunnelIdentifier=, browserstack.asyncStop=true, language=Apache-HttpClient/4.5.1 (Java/1.8.0_111), deviceName==iPhone 6 (8.3 Simulator) [F20798E9-74D9-4425-A436-B9637E9E9E6F], platform=MAC, browserstack.video.disableWaterMark=true, desired={noReset=true, browserstack.tunnelIdentifier=, browserstack.asyncStop=true, language=Apache-HttpClient/4.5.1 (Java/1.8.0_111), deviceName==iPhone 6 (8.3 Simulator) [F20798E9-74D9-4425-A436-B9637E9E9E6F], platform=MAC, browserstack.video.disableWaterMark=true, acceptSslCerts=false, newCommandTimeout=300, browser=iphone, platformVersion=8.3, acceptSslCert=false, browserName=safari, platformName=iOS, 64bit=false, browserstack.debug=true, orientation=portrait, browserstack.ie.noFlash=false, os_version=, mobile={&amp;quot;browser&amp;quot;:&amp;quot;mobile&amp;quot;,&amp;quot;version&amp;quot;:&amp;quot;iPhone 6-8.3&amp;quot;}, version=, browserstack.video=true, browserstack.ci_plugin=jenkins, safariIgnoreFraudWarning=true, orig_os=macyos, realMobile=false, deviceOrientation=PORTRAIT, device=iPhone 6, proxy_type=node}, acceptSslCerts=false, newCommandTimeout=300, browser=iphone, platformVersion=8.3, webStorageEnabled=false, acceptSslCert=false, browserName=safari, takesScreenshot=true, javascriptEnabled=true, platformName=iOS, 64bit=false, browserstack.debug=true, networkConnectionEnabled=false, orientation=portrait, browserstack.ie.noFlash=false, warnings={}, os_version=, mobile={&amp;quot;browser&amp;quot;:&amp;quot;mobile&amp;quot;,&amp;quot;version&amp;quot;:&amp;quot;iPhone 6-8.3&amp;quot;}, databaseEnabled=false, version=, browserstack.video=true, browserstack.ci_plugin=jenkins, safariIgnoreFraudWarning=true, orig_os=macyos, realMobile=false, locationContextEnabled=false, deviceOrientation=PORTRAIT, device=iPhone 6, proxy_type=node}]
Session ID: 5683bd25cd69ad602ef206e61acab50eeea6ace9
*** Element info: {Using=css selector, value=#grdPayroll &amp;gt; tbody &amp;gt; tr:nth-child(1)}">
      <![CDATA[org.openqa.selenium.NoSuchElementException: An element could not be located on the page using the given search parameters. (WARNING: The server did not provide any stacktrace information)
Command duration or timeout: 49 milliseconds
For documentation on this error, please visit: http://seleniumhq.org/exceptions/no_such_element.html
Build info: version: '3.0.1', revision: '1969d75', time: '2016-10-18 09:49:13 -0700'
System info: host: 'BRPC444', ip: '10.1.10.28', os.name: 'Windows 7', os.arch: 'amd64', os.version: '6.1', java.version: '1.8.0_111'
Driver info: org.openqa.selenium.remote.RemoteWebDriver
Capabilities [{noReset=true, safari=true, browserstack.tunnelIdentifier=, browserstack.asyncStop=true, language=Apache-HttpClient/4.5.1 (Java/1.8.0_111), deviceName==iPhone 6 (8.3 Simulator) [F20798E9-74D9-4425-A436-B9637E9E9E6F], platform=MAC, browserstack.video.disableWaterMark=true, desired={noReset=true, browserstack.tunnelIdentifier=, browserstack.asyncStop=true, language=Apache-HttpClient/4.5.1 (Java/1.8.0_111), deviceName==iPhone 6 (8.3 Simulator) [F20798E9-74D9-4425-A436-B9637E9E9E6F], platform=MAC, browserstack.video.disableWaterMark=true, acceptSslCerts=false, newCommandTimeout=300, browser=iphone, platformVersion=8.3, acceptSslCert=false, browserName=safari, platformName=iOS, 64bit=false, browserstack.debug=true, orientation=portrait, browserstack.ie.noFlash=false, os_version=, mobile={"browser":"mobile","version":"iPhone 6-8.3"}, version=, browserstack.video=true, browserstack.ci_plugin=jenkins, safariIgnoreFraudWarning=true, orig_os=macyos, realMobile=false, deviceOrientation=PORTRAIT, device=iPhone 6, proxy_type=node}, acceptSslCerts=false, newCommandTimeout=300, browser=iphone, platformVersion=8.3, webStorageEnabled=false, acceptSslCert=false, browserName=safari, takesScreenshot=true, javascriptEnabled=true, platformName=iOS, 64bit=false, browserstack.debug=true, networkConnectionEnabled=false, orientation=portrait, browserstack.ie.noFlash=false, warnings={}, os_version=, mobile={"browser":"mobile","version":"iPhone 6-8.3"}, databaseEnabled=false, version=, browserstack.video=true, browserstack.ci_plugin=jenkins, safariIgnoreFraudWarning=true, orig_os=macyos, realMobile=false, locationContextEnabled=false, deviceOrientation=PORTRAIT, device=iPhone 6, proxy_type=node}]
Session ID: 5683bd25cd69ad602ef206e61acab50eeea6ace9
*** Element info: {Using=css selector, value=#grdPayroll > tbody > tr:nth-child(1)}
	at org.openqa.selenium.remote.ErrorHandler.createThrowable(ErrorHandler.java:216)
	at org.openqa.selenium.remote.ErrorHandler.throwIfResponseFailed(ErrorHandler.java:168)
	at org.openqa.selenium.remote.RemoteWebDriver.execute(RemoteWebDriver.java:635)
	at org.openqa.selenium.remote.RemoteWebDriver.findElement(RemoteWebDriver.java:368)
	at org.openqa.selenium.remote.RemoteWebDriver.findElementByCssSelector(RemoteWebDriver.java:465)
	at org.openqa.selenium.By$ByCssSelector.findElement(By.java:430)
	at org.openqa.selenium.remote.RemoteWebDriver.findElement(RemoteWebDriver.java:360)
	at org.openqa.selenium.support.pagefactory.DefaultElementLocator.findElement(DefaultElementLocator.java:69)
	at org.openqa.selenium.support.pagefactory.internal.LocatingElementHandler.invoke(LocatingElementHandler.java:38)
	at com.sun.proxy.$Proxy7.findElements(Unknown Source)
	at com.backroads.webdriver.pageobjectsfactory.pageobject.TimesheetPage.getLeaderTableHeaderTexts(TimesheetPage.java:126)
	at com.backroads.atlas.testcases.UI.AtlasLeaderOnlyUSTest005.main(AtlasLeaderOnlyUSTest005.java:35)
	at java.util.concurrent.FutureTask.run(FutureTask.java:266)
	at java.util.concurrent.ThreadPoolExecutor.runWorker(ThreadPoolExecutor.java:1142)
	at java.util.concurrent.ThreadPoolExecutor$Worker.run(ThreadPoolExecutor.java:617)
	at java.lang.Thread.run(Thread.java:745)
... Removed 20 stack frames]]>
    </failure>
  </testcase> <!-- main -->
  <testcase name="main" time="3.965" classname="com.backroads.atlas.testcases.UI.AtlasLeaderOnlyUSTest007">
    <failure type="org.openqa.selenium.NoSuchElementException" message="An element could not be located on the page using the given search parameters. (WARNING: The server did not provide any stacktrace information)
Command duration or timeout: 48 milliseconds
For documentation on this error, please visit: http://seleniumhq.org/exceptions/no_such_element.html
Build info: version: &amp;apos;3.0.1&amp;apos;, revision: &amp;apos;1969d75&amp;apos;, time: &amp;apos;2016-10-18 09:49:13 -0700&amp;apos;
System info: host: &amp;apos;BRPC444&amp;apos;, ip: &amp;apos;10.1.10.28&amp;apos;, os.name: &amp;apos;Windows 7&amp;apos;, os.arch: &amp;apos;amd64&amp;apos;, os.version: &amp;apos;6.1&amp;apos;, java.version: &amp;apos;1.8.0_111&amp;apos;
Driver info: org.openqa.selenium.remote.RemoteWebDriver
Capabilities [{noReset=true, safari=true, browserstack.tunnelIdentifier=, browserstack.asyncStop=true, language=Apache-HttpClient/4.5.1 (Java/1.8.0_111), deviceName==iPhone 6 (8.3 Simulator) [AFBAAA93-7528-46F5-A1D5-DBA46464A206], platform=MAC, browserstack.video.disableWaterMark=true, desired={noReset=true, browserstack.tunnelIdentifier=, browserstack.asyncStop=true, language=Apache-HttpClient/4.5.1 (Java/1.8.0_111), deviceName==iPhone 6 (8.3 Simulator) [AFBAAA93-7528-46F5-A1D5-DBA46464A206], platform=MAC, browserstack.video.disableWaterMark=true, acceptSslCerts=false, newCommandTimeout=300, browser=iphone, platformVersion=8.3, acceptSslCert=false, browserName=safari, platformName=iOS, 64bit=false, browserstack.debug=true, orientation=portrait, browserstack.ie.noFlash=false, os_version=, mobile={&amp;quot;browser&amp;quot;:&amp;quot;mobile&amp;quot;,&amp;quot;version&amp;quot;:&amp;quot;iPhone 6-8.3&amp;quot;}, version=, browserstack.video=true, browserstack.ci_plugin=jenkins, safariIgnoreFraudWarning=true, orig_os=macyos, realMobile=false, deviceOrientation=PORTRAIT, device=iPhone 6, proxy_type=node}, acceptSslCerts=false, newCommandTimeout=300, browser=iphone, platformVersion=8.3, webStorageEnabled=false, acceptSslCert=false, browserName=safari, takesScreenshot=true, javascriptEnabled=true, platformName=iOS, 64bit=false, browserstack.debug=true, networkConnectionEnabled=false, orientation=portrait, browserstack.ie.noFlash=false, warnings={}, os_version=, mobile={&amp;quot;browser&amp;quot;:&amp;quot;mobile&amp;quot;,&amp;quot;version&amp;quot;:&amp;quot;iPhone 6-8.3&amp;quot;}, databaseEnabled=false, version=, browserstack.video=true, browserstack.ci_plugin=jenkins, safariIgnoreFraudWarning=true, orig_os=macyos, realMobile=false, locationContextEnabled=false, deviceOrientation=PORTRAIT, device=iPhone 6, proxy_type=node}]
Session ID: 9cad78ad7983680d991cbc236574617decd5f32f
*** Element info: {Using=css selector, value=#frmPayroll &amp;gt; div &amp;gt; table &amp;gt; tbody &amp;gt; tr:nth-child(2) &amp;gt; td &amp;gt; table &amp;gt; tbody &amp;gt; tr:nth-child(1) &amp;gt; td:nth-child(1)}">
      <![CDATA[org.openqa.selenium.NoSuchElementException: An element could not be located on the page using the given search parameters. (WARNING: The server did not provide any stacktrace information)
Command duration or timeout: 48 milliseconds
For documentation on this error, please visit: http://seleniumhq.org/exceptions/no_such_element.html
Build info: version: '3.0.1', revision: '1969d75', time: '2016-10-18 09:49:13 -0700'
System info: host: 'BRPC444', ip: '10.1.10.28', os.name: 'Windows 7', os.arch: 'amd64', os.version: '6.1', java.version: '1.8.0_111'
Driver info: org.openqa.selenium.remote.RemoteWebDriver
Capabilities [{noReset=true, safari=true, browserstack.tunnelIdentifier=, browserstack.asyncStop=true, language=Apache-HttpClient/4.5.1 (Java/1.8.0_111), deviceName==iPhone 6 (8.3 Simulator) [AFBAAA93-7528-46F5-A1D5-DBA46464A206], platform=MAC, browserstack.video.disableWaterMark=true, desired={noReset=true, browserstack.tunnelIdentifier=, browserstack.asyncStop=true, language=Apache-HttpClient/4.5.1 (Java/1.8.0_111), deviceName==iPhone 6 (8.3 Simulator) [AFBAAA93-7528-46F5-A1D5-DBA46464A206], platform=MAC, browserstack.video.disableWaterMark=true, acceptSslCerts=false, newCommandTimeout=300, browser=iphone, platformVersion=8.3, acceptSslCert=false, browserName=safari, platformName=iOS, 64bit=false, browserstack.debug=true, orientation=portrait, browserstack.ie.noFlash=false, os_version=, mobile={"browser":"mobile","version":"iPhone 6-8.3"}, version=, browserstack.video=true, browserstack.ci_plugin=jenkins, safariIgnoreFraudWarning=true, orig_os=macyos, realMobile=false, deviceOrientation=PORTRAIT, device=iPhone 6, proxy_type=node}, acceptSslCerts=false, newCommandTimeout=300, browser=iphone, platformVersion=8.3, webStorageEnabled=false, acceptSslCert=false, browserName=safari, takesScreenshot=true, javascriptEnabled=true, platformName=iOS, 64bit=false, browserstack.debug=true, networkConnectionEnabled=false, orientation=portrait, browserstack.ie.noFlash=false, warnings={}, os_version=, mobile={"browser":"mobile","version":"iPhone 6-8.3"}, databaseEnabled=false, version=, browserstack.video=true, browserstack.ci_plugin=jenkins, safariIgnoreFraudWarning=true, orig_os=macyos, realMobile=false, locationContextEnabled=false, deviceOrientation=PORTRAIT, device=iPhone 6, proxy_type=node}]
Session ID: 9cad78ad7983680d991cbc236574617decd5f32f
*** Element info: {Using=css selector, value=#frmPayroll > div > table > tbody > tr:nth-child(2) > td > table > tbody > tr:nth-child(1) > td:nth-child(1)}
	at org.openqa.selenium.remote.ErrorHandler.createThrowable(ErrorHandler.java:216)
	at org.openqa.selenium.remote.ErrorHandler.throwIfResponseFailed(ErrorHandler.java:168)
	at org.openqa.selenium.remote.RemoteWebDriver.execute(RemoteWebDriver.java:635)
	at org.openqa.selenium.remote.RemoteWebDriver.findElement(RemoteWebDriver.java:368)
	at org.openqa.selenium.remote.RemoteWebDriver.findElementByCssSelector(RemoteWebDriver.java:465)
	at org.openqa.selenium.By$ByCssSelector.findElement(By.java:430)
	at org.openqa.selenium.remote.RemoteWebDriver.findElement(RemoteWebDriver.java:360)
	at org.openqa.selenium.support.pagefactory.DefaultElementLocator.findElement(DefaultElementLocator.java:69)
	at org.openqa.selenium.support.pagefactory.internal.LocatingElementHandler.invoke(LocatingElementHandler.java:38)
	at com.sun.proxy.$Proxy7.getText(Unknown Source)
	at com.backroads.webdriver.pageobjectsfactory.pageobject.TimesheetPage.getPayPeriodLabel(TimesheetPage.java:142)
	at com.backroads.atlas.testcases.UI.AtlasLeaderOnlyUSTest007.main(AtlasLeaderOnlyUSTest007.java:35)
	at java.util.concurrent.FutureTask.run(FutureTask.java:266)
	at java.util.concurrent.ThreadPoolExecutor.runWorker(ThreadPoolExecutor.java:1142)
	at java.util.concurrent.ThreadPoolExecutor$Worker.run(ThreadPoolExecutor.java:617)
	at java.lang.Thread.run(Thread.java:745)
... Removed 19 stack frames]]>
    </failure>
  </testcase> <!-- main -->
  <testcase name="main" time="10.151" classname="com.backroads.atlas.testcases.UI.AtlasLeaderOnlyUSTest008">
    <failure type="org.openqa.selenium.NoSuchElementException" message="An element could not be located on the page using the given search parameters. (WARNING: The server did not provide any stacktrace information)
Command duration or timeout: 3.11 seconds
For documentation on this error, please visit: http://seleniumhq.org/exceptions/no_such_element.html
Build info: version: &amp;apos;3.0.1&amp;apos;, revision: &amp;apos;1969d75&amp;apos;, time: &amp;apos;2016-10-18 09:49:13 -0700&amp;apos;
System info: host: &amp;apos;BRPC444&amp;apos;, ip: &amp;apos;10.1.10.28&amp;apos;, os.name: &amp;apos;Windows 7&amp;apos;, os.arch: &amp;apos;amd64&amp;apos;, os.version: &amp;apos;6.1&amp;apos;, java.version: &amp;apos;1.8.0_111&amp;apos;
Driver info: org.openqa.selenium.remote.RemoteWebDriver
Capabilities [{noReset=true, safari=true, browserstack.tunnelIdentifier=, browserstack.asyncStop=true, language=Apache-HttpClient/4.5.1 (Java/1.8.0_111), deviceName==iPhone 6 (8.3 Simulator) [EFB9F048-D8A0-4254-AB12-9A056BCB3224], platform=MAC, browserstack.video.disableWaterMark=true, desired={noReset=true, browserstack.tunnelIdentifier=, browserstack.asyncStop=true, language=Apache-HttpClient/4.5.1 (Java/1.8.0_111), deviceName==iPhone 6 (8.3 Simulator) [EFB9F048-D8A0-4254-AB12-9A056BCB3224], platform=MAC, browserstack.video.disableWaterMark=true, acceptSslCerts=false, newCommandTimeout=300, browser=iphone, platformVersion=8.3, acceptSslCert=false, browserName=safari, platformName=iOS, 64bit=false, browserstack.debug=true, orientation=portrait, browserstack.ie.noFlash=false, os_version=, mobile={&amp;quot;browser&amp;quot;:&amp;quot;mobile&amp;quot;,&amp;quot;version&amp;quot;:&amp;quot;iPhone 6-8.3&amp;quot;}, version=, browserstack.video=true, browserstack.ci_plugin=jenkins, safariIgnoreFraudWarning=true, orig_os=macyos, realMobile=false, deviceOrientation=PORTRAIT, device=iPhone 6, proxy_type=node}, acceptSslCerts=false, newCommandTimeout=300, browser=iphone, platformVersion=8.3, webStorageEnabled=false, acceptSslCert=false, browserName=safari, takesScreenshot=true, javascriptEnabled=true, platformName=iOS, 64bit=false, browserstack.debug=true, networkConnectionEnabled=false, orientation=portrait, browserstack.ie.noFlash=false, warnings={}, os_version=, mobile={&amp;quot;browser&amp;quot;:&amp;quot;mobile&amp;quot;,&amp;quot;version&amp;quot;:&amp;quot;iPhone 6-8.3&amp;quot;}, databaseEnabled=false, version=, browserstack.video=true, browserstack.ci_plugin=jenkins, safariIgnoreFraudWarning=true, orig_os=macyos, realMobile=false, locationContextEnabled=false, deviceOrientation=PORTRAIT, device=iPhone 6, proxy_type=node}]
Session ID: 3131d0597740fef94ef9892434002c6bdcc1a0f5
*** Element info: {Using=css selector, value=body &amp;gt; h1}">
      <![CDATA[org.openqa.selenium.NoSuchElementException: An element could not be located on the page using the given search parameters. (WARNING: The server did not provide any stacktrace information)
Command duration or timeout: 3.11 seconds
For documentation on this error, please visit: http://seleniumhq.org/exceptions/no_such_element.html
Build info: version: '3.0.1', revision: '1969d75', time: '2016-10-18 09:49:13 -0700'
System info: host: 'BRPC444', ip: '10.1.10.28', os.name: 'Windows 7', os.arch: 'amd64', os.version: '6.1', java.version: '1.8.0_111'
Driver info: org.openqa.selenium.remote.RemoteWebDriver
Capabilities [{noReset=true, safari=true, browserstack.tunnelIdentifier=, browserstack.asyncStop=true, language=Apache-HttpClient/4.5.1 (Java/1.8.0_111), deviceName==iPhone 6 (8.3 Simulator) [EFB9F048-D8A0-4254-AB12-9A056BCB3224], platform=MAC, browserstack.video.disableWaterMark=true, desired={noReset=true, browserstack.tunnelIdentifier=, browserstack.asyncStop=true, language=Apache-HttpClient/4.5.1 (Java/1.8.0_111), deviceName==iPhone 6 (8.3 Simulator) [EFB9F048-D8A0-4254-AB12-9A056BCB3224], platform=MAC, browserstack.video.disableWaterMark=true, acceptSslCerts=false, newCommandTimeout=300, browser=iphone, platformVersion=8.3, acceptSslCert=false, browserName=safari, platformName=iOS, 64bit=false, browserstack.debug=true, orientation=portrait, browserstack.ie.noFlash=false, os_version=, mobile={"browser":"mobile","version":"iPhone 6-8.3"}, version=, browserstack.video=true, browserstack.ci_plugin=jenkins, safariIgnoreFraudWarning=true, orig_os=macyos, realMobile=false, deviceOrientation=PORTRAIT, device=iPhone 6, proxy_type=node}, acceptSslCerts=false, newCommandTimeout=300, browser=iphone, platformVersion=8.3, webStorageEnabled=false, acceptSslCert=false, browserName=safari, takesScreenshot=true, javascriptEnabled=true, platformName=iOS, 64bit=false, browserstack.debug=true, networkConnectionEnabled=false, orientation=portrait, browserstack.ie.noFlash=false, warnings={}, os_version=, mobile={"browser":"mobile","version":"iPhone 6-8.3"}, databaseEnabled=false, version=, browserstack.video=true, browserstack.ci_plugin=jenkins, safariIgnoreFraudWarning=true, orig_os=macyos, realMobile=false, locationContextEnabled=false, deviceOrientation=PORTRAIT, device=iPhone 6, proxy_type=node}]
Session ID: 3131d0597740fef94ef9892434002c6bdcc1a0f5
*** Element info: {Using=css selector, value=body > h1}
	at org.openqa.selenium.remote.ErrorHandler.createThrowable(ErrorHandler.java:216)
	at org.openqa.selenium.remote.ErrorHandler.throwIfResponseFailed(ErrorHandler.java:168)
	at org.openqa.selenium.remote.RemoteWebDriver.execute(RemoteWebDriver.java:635)
	at org.openqa.selenium.remote.RemoteWebDriver.findElement(RemoteWebDriver.java:368)
	at org.openqa.selenium.remote.RemoteWebDriver.findElementByCssSelector(RemoteWebDriver.java:465)
	at org.openqa.selenium.By$ByCssSelector.findElement(By.java:430)
	at org.openqa.selenium.remote.RemoteWebDriver.findElement(RemoteWebDriver.java:360)
	at org.openqa.selenium.support.pagefactory.DefaultElementLocator.findElement(DefaultElementLocator.java:69)
	at org.openqa.selenium.support.pagefactory.internal.LocatingElementHandler.invoke(LocatingElementHandler.java:38)
	at com.sun.proxy.$Proxy7.getText(Unknown Source)
	at com.backroads.webdriver.pageobjectsfactory.pageobject.TimesheetPage.getTermsWindowTextsFromWindow(TimesheetPage.java:115)
	at com.backroads.atlas.testcases.UI.AtlasLeaderOnlyUSTest008.main(AtlasLeaderOnlyUSTest008.java:36)
	at java.util.concurrent.FutureTask.run(FutureTask.java:266)
	at java.util.concurrent.ThreadPoolExecutor.runWorker(ThreadPoolExecutor.java:1142)
	at java.util.concurrent.ThreadPoolExecutor$Worker.run(ThreadPoolExecutor.java:617)
	at java.lang.Thread.run(Thread.java:745)
... Removed 19 stack frames]]>
    </failure>
  </testcase> <!-- main -->
  <testcase name="main" time="3.853" classname="com.backroads.atlas.testcases.UI.AtlasLeaderOnlyUSTest009">
    <failure type="org.openqa.selenium.NoSuchElementException" message="An element could not be located on the page using the given search parameters. (WARNING: The server did not provide any stacktrace information)
Command duration or timeout: 55 milliseconds
For documentation on this error, please visit: http://seleniumhq.org/exceptions/no_such_element.html
Build info: version: &amp;apos;3.0.1&amp;apos;, revision: &amp;apos;1969d75&amp;apos;, time: &amp;apos;2016-10-18 09:49:13 -0700&amp;apos;
System info: host: &amp;apos;BRPC444&amp;apos;, ip: &amp;apos;10.1.10.28&amp;apos;, os.name: &amp;apos;Windows 7&amp;apos;, os.arch: &amp;apos;amd64&amp;apos;, os.version: &amp;apos;6.1&amp;apos;, java.version: &amp;apos;1.8.0_111&amp;apos;
Driver info: org.openqa.selenium.remote.RemoteWebDriver
Capabilities [{noReset=true, safari=true, browserstack.tunnelIdentifier=, browserstack.asyncStop=true, language=Apache-HttpClient/4.5.1 (Java/1.8.0_111), deviceName==iPhone 6 (8.3 Simulator) [D7991C42-E6D3-4D34-92D6-CBB24A8F6521], platform=MAC, browserstack.video.disableWaterMark=true, desired={noReset=true, browserstack.tunnelIdentifier=, browserstack.asyncStop=true, language=Apache-HttpClient/4.5.1 (Java/1.8.0_111), deviceName==iPhone 6 (8.3 Simulator) [D7991C42-E6D3-4D34-92D6-CBB24A8F6521], platform=MAC, browserstack.video.disableWaterMark=true, acceptSslCerts=false, newCommandTimeout=300, browser=iphone, platformVersion=8.3, acceptSslCert=false, browserName=safari, platformName=iOS, 64bit=false, browserstack.debug=true, orientation=portrait, browserstack.ie.noFlash=false, os_version=, mobile={&amp;quot;browser&amp;quot;:&amp;quot;mobile&amp;quot;,&amp;quot;version&amp;quot;:&amp;quot;iPhone 6-8.3&amp;quot;}, version=, browserstack.video=true, browserstack.ci_plugin=jenkins, safariIgnoreFraudWarning=true, orig_os=macyos, realMobile=false, deviceOrientation=PORTRAIT, device=iPhone 6, proxy_type=node}, acceptSslCerts=false, newCommandTimeout=300, browser=iphone, platformVersion=8.3, webStorageEnabled=false, acceptSslCert=false, browserName=safari, takesScreenshot=true, javascriptEnabled=true, platformName=iOS, 64bit=false, browserstack.debug=true, networkConnectionEnabled=false, orientation=portrait, browserstack.ie.noFlash=false, warnings={}, os_version=, mobile={&amp;quot;browser&amp;quot;:&amp;quot;mobile&amp;quot;,&amp;quot;version&amp;quot;:&amp;quot;iPhone 6-8.3&amp;quot;}, databaseEnabled=false, version=, browserstack.video=true, browserstack.ci_plugin=jenkins, safariIgnoreFraudWarning=true, orig_os=macyos, realMobile=false, locationContextEnabled=false, deviceOrientation=PORTRAIT, device=iPhone 6, proxy_type=node}]
Session ID: da0432b23d04497a12a993511968ec56af577de9
*** Element info: {Using=css selector, value=#grdPayroll &amp;gt; tbody}">
      <![CDATA[org.openqa.selenium.NoSuchElementException: An element could not be located on the page using the given search parameters. (WARNING: The server did not provide any stacktrace information)
Command duration or timeout: 55 milliseconds
For documentation on this error, please visit: http://seleniumhq.org/exceptions/no_such_element.html
Build info: version: '3.0.1', revision: '1969d75', time: '2016-10-18 09:49:13 -0700'
System info: host: 'BRPC444', ip: '10.1.10.28', os.name: 'Windows 7', os.arch: 'amd64', os.version: '6.1', java.version: '1.8.0_111'
Driver info: org.openqa.selenium.remote.RemoteWebDriver
Capabilities [{noReset=true, safari=true, browserstack.tunnelIdentifier=, browserstack.asyncStop=true, language=Apache-HttpClient/4.5.1 (Java/1.8.0_111), deviceName==iPhone 6 (8.3 Simulator) [D7991C42-E6D3-4D34-92D6-CBB24A8F6521], platform=MAC, browserstack.video.disableWaterMark=true, desired={noReset=true, browserstack.tunnelIdentifier=, browserstack.asyncStop=true, language=Apache-HttpClient/4.5.1 (Java/1.8.0_111), deviceName==iPhone 6 (8.3 Simulator) [D7991C42-E6D3-4D34-92D6-CBB24A8F6521], platform=MAC, browserstack.video.disableWaterMark=true, acceptSslCerts=false, newCommandTimeout=300, browser=iphone, platformVersion=8.3, acceptSslCert=false, browserName=safari, platformName=iOS, 64bit=false, browserstack.debug=true, orientation=portrait, browserstack.ie.noFlash=false, os_version=, mobile={"browser":"mobile","version":"iPhone 6-8.3"}, version=, browserstack.video=true, browserstack.ci_plugin=jenkins, safariIgnoreFraudWarning=true, orig_os=macyos, realMobile=false, deviceOrientation=PORTRAIT, device=iPhone 6, proxy_type=node}, acceptSslCerts=false, newCommandTimeout=300, browser=iphone, platformVersion=8.3, webStorageEnabled=false, acceptSslCert=false, browserName=safari, takesScreenshot=true, javascriptEnabled=true, platformName=iOS, 64bit=false, browserstack.debug=true, networkConnectionEnabled=false, orientation=portrait, browserstack.ie.noFlash=false, warnings={}, os_version=, mobile={"browser":"mobile","version":"iPhone 6-8.3"}, databaseEnabled=false, version=, browserstack.video=true, browserstack.ci_plugin=jenkins, safariIgnoreFraudWarning=true, orig_os=macyos, realMobile=false, locationContextEnabled=false, deviceOrientation=PORTRAIT, device=iPhone 6, proxy_type=node}]
Session ID: da0432b23d04497a12a993511968ec56af577de9
*** Element info: {Using=css selector, value=#grdPayroll > tbody}
	at org.openqa.selenium.remote.ErrorHandler.createThrowable(ErrorHandler.java:216)
	at org.openqa.selenium.remote.ErrorHandler.throwIfResponseFailed(ErrorHandler.java:168)
	at org.openqa.selenium.remote.RemoteWebDriver.execute(RemoteWebDriver.java:635)
	at org.openqa.selenium.remote.RemoteWebDriver.findElement(RemoteWebDriver.java:368)
	at org.openqa.selenium.remote.RemoteWebDriver.findElementByCssSelector(RemoteWebDriver.java:465)
	at org.openqa.selenium.By$ByCssSelector.findElement(By.java:430)
	at org.openqa.selenium.remote.RemoteWebDriver.findElement(RemoteWebDriver.java:360)
	at org.openqa.selenium.support.pagefactory.DefaultElementLocator.findElement(DefaultElementLocator.java:69)
	at org.openqa.selenium.support.pagefactory.internal.LocatingElementHandler.invoke(LocatingElementHandler.java:38)
	at com.sun.proxy.$Proxy7.findElements(Unknown Source)
	at com.backroads.webdriver.common.util.TableHandler.getColumnsAsList(TableHandler.java:38)
	at com.backroads.webdriver.pageobjectsfactory.pageobject.TimesheetPage.isLeaderActDatesAsc(TimesheetPage.java:150)
	at com.backroads.atlas.testcases.UI.AtlasLeaderOnlyUSTest009.main(AtlasLeaderOnlyUSTest009.java:35)
	at java.util.concurrent.FutureTask.run(FutureTask.java:266)
	at java.util.concurrent.ThreadPoolExecutor.runWorker(ThreadPoolExecutor.java:1142)
	at java.util.concurrent.ThreadPoolExecutor$Worker.run(ThreadPoolExecutor.java:617)
	at java.lang.Thread.run(Thread.java:745)
... Removed 19 stack frames]]>
    </failure>
  </testcase> <!-- main -->
  <testcase name="main" time="0.028" classname="com.backroads.atlas.testcases.UI.AtlasLeaderOnlyUSTest011_Dinner">
    <failure type="org.openqa.selenium.WebDriverException" message="Session not started or terminated (WARNING: The server did not provide any stacktrace information)
Command duration or timeout: 27 milliseconds
Build info: version: &amp;apos;3.0.1&amp;apos;, revision: &amp;apos;1969d75&amp;apos;, time: &amp;apos;2016-10-18 09:49:13 -0700&amp;apos;
System info: host: &amp;apos;BRPC444&amp;apos;, ip: &amp;apos;10.1.10.28&amp;apos;, os.name: &amp;apos;Windows 7&amp;apos;, os.arch: &amp;apos;amd64&amp;apos;, os.version: &amp;apos;6.1&amp;apos;, java.version: &amp;apos;1.8.0_111&amp;apos;
Driver info: org.openqa.selenium.remote.RemoteWebDriver
Capabilities [{message=All parallel tests are currently in use, including the queued tests. Please wait to finish or upgrade your plan to add more sessions., platform=ANY}]
Session ID: ">
      <![CDATA[org.openqa.selenium.WebDriverException: Session not started or terminated (WARNING: The server did not provide any stacktrace information)
Command duration or timeout: 27 milliseconds
Build info: version: '3.0.1', revision: '1969d75', time: '2016-10-18 09:49:13 -0700'
System info: host: 'BRPC444', ip: '10.1.10.28', os.name: 'Windows 7', os.arch: 'amd64', os.version: '6.1', java.version: '1.8.0_111'
Driver info: org.openqa.selenium.remote.RemoteWebDriver
Capabilities [{message=All parallel tests are currently in use, including the queued tests. Please wait to finish or upgrade your plan to add more sessions., platform=ANY}]
Session ID: 
	at org.openqa.selenium.remote.ErrorHandler.createThrowable(ErrorHandler.java:216)
	at org.openqa.selenium.remote.ErrorHandler.throwIfResponseFailed(ErrorHandler.java:168)
	at org.openqa.selenium.remote.RemoteWebDriver.execute(RemoteWebDriver.java:635)
	at org.openqa.selenium.remote.RemoteWebDriver.get(RemoteWebDriver.java:322)
	at com.backroads.atlas.testcases.UI.AtlasLeaderOnlyUSTest011_Dinner.main(AtlasLeaderOnlyUSTest011_Dinner.java:29)
	at java.util.concurrent.FutureTask.run(FutureTask.java:266)
	at java.util.concurrent.ThreadPoolExecutor.runWorker(ThreadPoolExecutor.java:1142)
	at java.util.concurrent.ThreadPoolExecutor$Worker.run(ThreadPoolExecutor.java:617)
	at java.lang.Thread.run(Thread.java:745)
... Removed 19 stack frames]]>
    </failure>
  </testcase> <!-- main -->
  <testcase name="main" time="0.001" classname="com.backroads.atlas.testcases.UI.AtlasLeaderOnlyUSTest011_Regular">
    <skipped/>
  </testcase> <!-- main -->
  <testcase name="main" time="0.001" classname="com.backroads.atlas.testcases.UI.AtlasLeaderOnlyUSTest012">
    <failure type="org.testng.TestNGException" message="
The data provider is trying to pass 11 parameters but the method com.backroads.atlas.testcases.UI.AtlasLeaderOnlyUSTest012#main takes 1">
      <![CDATA[org.testng.TestNGException: 
The data provider is trying to pass 11 parameters but the method com.backroads.atlas.testcases.UI.AtlasLeaderOnlyUSTest012#main takes 1
	at java.util.concurrent.FutureTask.run(FutureTask.java:266)
	at java.util.concurrent.ThreadPoolExecutor.runWorker(ThreadPoolExecutor.java:1142)
	at java.util.concurrent.ThreadPoolExecutor$Worker.run(ThreadPoolExecutor.java:617)
	at java.lang.Thread.run(Thread.java:745)
... Removed 10 stack frames]]>
    </failure>
  </testcase> <!-- main -->
  <testcase name="main" time="0.0" classname="com.backroads.atlas.testcases.UI.AtlasLeaderOnlyUSTest014">
    <skipped/>
  </testcase> <!-- main -->
  <testcase name="main" time="0.0" classname="com.backroads.atlas.testcases.UI.AtlasLeaderOnlyUSTest014">
    <skipped/>
  </testcase> <!-- main -->
  <testcase name="main" time="0.0" classname="com.backroads.atlas.testcases.UI.AtlasLeaderOnlyUSTest017">
    <skipped/>
  </testcase> <!-- main -->
  <testcase name="main" time="0.001" classname="com.backroads.atlas.testcases.UI.AtlasLeaderOnlyUSTest024">
    <skipped/>
  </testcase> <!-- main -->
</testsuite> <!-- atlas_iPhone6Test -->
